main                                                                                                                    PAGE 1
                         1             org 0
0000 020030              2             jmp start
                         3
                         4             org 0BH
000B 020178              5             jmp plus
                         6
                         7             org 13h
0013 020159              8             jmp mirror
                         9
                        10             org 1BH
001B 020191             11             jmp minus
                        12
                        13             org 30h
0030 7581FA             14     start:  mov sp, #0FAH
0033 C288               15             clr it0
0035 C28A               16             clr it1
0037 D2A8               17             setb ie.0
0039 D2AA               18             setb ex1
003B D2A9               19             setb et0
003D D2AB               20             setb et1
003F D2AF               21             setb ea
0041 758966             22             mov tmod, #01100110b
0044 D28C               23             setb tr0
0046 D28E               24             setb tr1
0048 758AFF             25             mov tl0, #0ffh
004B 758CFF             26             mov th0, #0ffh
004E 758BFF             27             mov tl1, #0ffh
0051 758DFF             28             mov th1, #0ffh
                        29
                        30             ;обычные цифры
0054 7530C0             31             mov 30h,#11000000b ;0
0057 7531F9             32             mov 31h,#11111001b ;1
005A 7532A4             33             mov 32h,#10100100b ;2
005D 7533B0             34             mov 33h,#10110000b ;3
0060 753499             35             mov 34h,#10011001b ;4
0063 753592             36             mov 35h,#10010010b ;5
0066 753682             37             mov 36h,#10000010b ;6
0069 7537F8             38             mov 37h,#11111000b ;7
006C 753880             39             mov 38h,#10000000b ;8
006F 753990             40             mov 39h,#10010000b ;9
0072 753A88             41             mov 3ah,#10001000b ;a
0075 753B83             42             mov 3bh,#10000011b ;b
0078 753CC6             43             mov 3ch,#11000110b ;c
007B 753DA1             44             mov 3dh,#10100001b ;d
                        45
                        46             ;отзеркаленные цифры
007E 7540C0             47             mov 40h,#11000000b ;0
0081 7541CF             48             mov 41h,#11001111b ;1
0084 754292             49             mov 42h,#10010010b ;2
0087 754386             50             mov 43h,#10000110b ;3
008A 75448D             51             mov 44h,#10001101b ;4
008D 7545A4             52             mov 45h,#10100100b ;5
0090 754682             53             mov 46h,#10000010b ;6
0093 7547CE             54             mov 47h,#11001110b ;7
0096 754880             55             mov 48h,#10000000b ;8
0099 754984             56             mov 49h,#10000100b ;9
009C 754A88             57             mov 4ah,#10001000b ;a
009F 754BA1             58             mov 4bh,#10100001b ;b
00A2 754CF0             59             mov 4ch,#11110000b ;c
00A5 754D83             60             mov 4dh,#10000011b ;d
                        61
00A8 C2D5               62             clr f0
00AA 756000             63             mov 60h,#0
00AD 7C0F               64             mov r4, #15
                        65
                        66             ;обработка нажатий матричной клавиатуры
00AF DCFE               67     keypad: djnz r4, keypad
00B1 7590EF             68             mov p1, #11101111b
00B4 E590               69             mov a, p1
00B6 30E03F             70             jnb acc.0, kn1
00B9 30E14B             71             jnb acc.1, kn4
00BC 30E257             72             jnb acc.2, kn7
                        73
00BF 7590DF             74             mov p1,#11011111b
00C2 E590               75             mov a,p1
00C4 30E036             76             jnb acc.0, kn2
00C7 30E142             77             jnb acc.1, kn5
00CA 30E24E             78             jnb acc.2, kn8
00CD 30E323             79             jnb acc.3, kn0
                        80
00D0 7590BF             81             mov p1,#10111111b
00D3 E590               82             mov a,p1
00D5 30E02A             83             jnb acc.0, kn3
00D8 30E136             84             jnb acc.1, kn6
00DB 30E242             85             jnb acc.2, kn9
                        86
00DE 75907F             87             mov p1, #01111111b
00E1 E590               88             mov a, p1
00E3 30E03F             89             jnb acc.0, knA
00E6 30E141             90             jnb acc.1, knB
00E9 30E243             91             jnb acc.2, knC
00EC 30E345             92             jnb acc.3, knD
                        93
00EF 7C0F               94             mov r4, #15
                        95
00F1 80BC               96             jmp keypad
                        97
00F3 7A00               98     kn0:    mov r2,#0
00F5 020139             99             jmp print1
                       100
00F8 7A01              101     kn1:    mov r2, #1
00FA 020139            102             jmp print1
                       103
00FD 7A02              104     kn2:    mov r2, #2
00FF 020139            105             jmp print1
                       106
0102 7A03              107     kn3:    mov r2,#3
0104 020139            108             jmp print1
                       109
0107 7A04              110     kn4:    mov r2, #4
0109 020139            111             jmp print1
                       112
010C 7A05              113     kn5:    mov r2, #5
010E 020139            114             jmp print1
                       115
0111 7A06              116     kn6:    mov r2, #6
0113 020139            117             jmp print1
                       118
0116 7A07              119     kn7:    mov r2, #7
0118 020139            120             jmp print1
                       121
011B 7A08              122     kn8:    mov r2, #8
011D 020139            123             jmp print1
                       124
0120 7A09              125     kn9:    mov r2, #9
0122 020139            126             jmp print1
                       127
0125 7A0A              128     knA:    mov r2, #0Ah
0127 020139            129             jmp print1
                       130
012A 7A0B              131     knB:    mov r2, #0Bh
012C 020139            132             jmp print1
                       133
012F 7A0C              134     knC:    mov r2, #0Ch
0131 020139            135             jmp print1
                       136
0134 7A0D              137     knD:    mov r2, #0Dh
0136 020139            138             jmp print1
                       139
0139 7C0F              140     print1: mov r4, #15
013B 30D50D            141             jnb f0, print2
013E 856080            142             mov p0, 60h
0141 EA                143             mov a, r2
0142 2430              144             add a, #30h
0144 F8                145             mov r0, a
0145 86A0              146             mov p2, @r0
0147 C2D5              147             clr f0
0149 01AF              148             jmp keypad
                       149
014B EA                150     print2: mov a, r2
014C FB                151             mov r3, a
014D EA                152             mov a, r2
014E 2430              153             add a, #30h
0150 F8                154             mov r0, a
0151 86A0              155             mov p2, @r0
0153 8660              156             mov 60h, @r0
0155 D2D5              157             setb f0
0157 01AF              158             jmp keypad
                       159
0159 C0D0              160     mirror: push psw
015B C0E0              161             push acc
015D 7F0A              162             mov r7, #10
                       163
015F 00                164     wts:    nop
0160 DFFD              165             djnz r7, wts
0162 20B30C            166             jb p3.3, i_end
0165 EA                167             mov a,r2
0166 2440              168             add a,#40h
0168 F8                169             mov r0,a
0169 8680              170             mov p0,@r0
016B EB                171             mov a,r3
016C 2440              172             add a,#40h
016E F9                173             mov r1,a
016F 87A0              174             mov p2,@r1
                       175
0171 D0E0              176     i_end:  pop acc
0173 D0D0              177             pop psw
0175 C289              178             clr ie0
0177 32                179             reti
                       180
0178 C0D0              181     plus:   push psw
017A C0E0              182             push acc
017C 7F0A              183             mov r7, #10
                       184
017E 00                185     wts_p:  nop
017F DFFD              186             djnz r7, wts_p
0181 20B408            187             jb p3.4, ip_end
0184 EA                188             mov a,r2
0185 04                189             inc a
0186 FA                190             mov r2,a
0187 2430              191             add a, #30h
0189 F8                192             mov r0,a
018A 86A0              193             mov p2, @r0
                       194
018C D0E0              195     ip_end: pop acc
018E D0D0              196             pop psw
0190 32                197             reti
                       198
0191 C0D0              199     minus:  push psw
0193 C0E0              200             push acc
0195 7F0A              201             mov r7, #10
                       202
0197 00                203     wts_m:  nop
0198 DFFD              204             djnz r7, wts_m
019A 20B5EF            205             jb p3.5, ip_end
019D EA                206             mov a,r2
019E 14                207             dec a
019F FA                208             mov r2,a
01A0 2430              209             add a, #30h
01A2 F8                210             mov r0,a
01A3 86A0              211             mov p2, @r0
                       212
01A5 D0E0              213     im_end: pop acc
01A7 D0D0              214             pop psw
01A9 32                215             reti
                       216             end
ASSEMBLY COMPLETE, NO ERRORS FOUND, NO WARNINGS


SYMBOL TABLE:
??MCU_8051_IDE . . . . . . . . . . .  N  NUMB  8051H  NOT USED
??VERSION. . . . . . . . . . . . . .  N  NUMB  0149H  NOT USED
AC . . . . . . . . . . . . . . . . .  B  ADDR  00D6H  NOT USED
ACC. . . . . . . . . . . . . . . . .  D  ADDR  00E0H
ACSR . . . . . . . . . . . . . . . .  D  ADDR  0097H  NOT USED
ADCF . . . . . . . . . . . . . . . .  D  ADDR  00F6H  NOT USED
ADCLK. . . . . . . . . . . . . . . .  D  ADDR  00F2H  NOT USED
ADCON. . . . . . . . . . . . . . . .  D  ADDR  00F3H  NOT USED
ADDH . . . . . . . . . . . . . . . .  D  ADDR  00F5H  NOT USED
ADDL . . . . . . . . . . . . . . . .  D  ADDR  00F4H  NOT USED
AUXR . . . . . . . . . . . . . . . .  D  ADDR  008EH  NOT USED
AUXR1. . . . . . . . . . . . . . . .  D  ADDR  00A2H  NOT USED
B. . . . . . . . . . . . . . . . . .  D  ADDR  00F0H  NOT USED
BDRCON . . . . . . . . . . . . . . .  D  ADDR  009BH  NOT USED
BDRCON_1 . . . . . . . . . . . . . .  D  ADDR  009CH  NOT USED
BRL. . . . . . . . . . . . . . . . .  D  ADDR  009AH  NOT USED
CCAP0H . . . . . . . . . . . . . . .  D  ADDR  00FAH  NOT USED
CCAP0L . . . . . . . . . . . . . . .  D  ADDR  00EAH  NOT USED
CCAP1H . . . . . . . . . . . . . . .  D  ADDR  00FBH  NOT USED
CCAP1L . . . . . . . . . . . . . . .  D  ADDR  00EBH  NOT USED
CCAP2H . . . . . . . . . . . . . . .  D  ADDR  00FCH  NOT USED
CCAP3H . . . . . . . . . . . . . . .  D  ADDR  00FDH  NOT USED
CCAP4H . . . . . . . . . . . . . . .  D  ADDR  00FEH  NOT USED
CCAPL2H. . . . . . . . . . . . . . .  D  ADDR  00FCH  NOT USED
CCAPL2L. . . . . . . . . . . . . . .  D  ADDR  00ECH  NOT USED
CCAPL3H. . . . . . . . . . . . . . .  D  ADDR  00FDH  NOT USED
CCAPL3L. . . . . . . . . . . . . . .  D  ADDR  00EDH  NOT USED
CCAPL4H. . . . . . . . . . . . . . .  D  ADDR  00FEH  NOT USED
CCAPL4L. . . . . . . . . . . . . . .  D  ADDR  00EEH  NOT USED
CCAPM0 . . . . . . . . . . . . . . .  D  ADDR  00DAH  NOT USED
CCAPM1 . . . . . . . . . . . . . . .  D  ADDR  00DBH  NOT USED
CCAPM2 . . . . . . . . . . . . . . .  D  ADDR  00DCH  NOT USED
CCAPM3 . . . . . . . . . . . . . . .  D  ADDR  00DDH  NOT USED
CCAPM4 . . . . . . . . . . . . . . .  D  ADDR  00DEH  NOT USED
CCF0 . . . . . . . . . . . . . . . .  B  ADDR  00D8H  NOT USED
CCF1 . . . . . . . . . . . . . . . .  B  ADDR  00D9H  NOT USED
CCF2 . . . . . . . . . . . . . . . .  B  ADDR  00DAH  NOT USED
CCF3 . . . . . . . . . . . . . . . .  B  ADDR  00DBH  NOT USED
CCF4 . . . . . . . . . . . . . . . .  B  ADDR  00DCH  NOT USED
CCON . . . . . . . . . . . . . . . .  D  ADDR  00D8H  NOT USED
CFINT. . . . . . . . . . . . . . . .  C  ADDR  0033H  NOT USED
CH . . . . . . . . . . . . . . . . .  D  ADDR  00F9H  NOT USED
CKCON. . . . . . . . . . . . . . . .  D  ADDR  008FH  NOT USED
CKCON0 . . . . . . . . . . . . . . .  D  ADDR  008FH  NOT USED
CKRL . . . . . . . . . . . . . . . .  D  ADDR  0097H  NOT USED
CKSEL. . . . . . . . . . . . . . . .  D  ADDR  0085H  NOT USED
CL . . . . . . . . . . . . . . . . .  D  ADDR  00E9H  NOT USED
CLKREG . . . . . . . . . . . . . . .  D  ADDR  008FH  NOT USED
CMOD . . . . . . . . . . . . . . . .  D  ADDR  00D9H  NOT USED
CPRL2. . . . . . . . . . . . . . . .  B  ADDR  00C8H  NOT USED
CR . . . . . . . . . . . . . . . . .  B  ADDR  00DEH  NOT USED
CT2. . . . . . . . . . . . . . . . .  B  ADDR  00C9H  NOT USED
CY . . . . . . . . . . . . . . . . .  B  ADDR  00D7H  NOT USED
DP0H . . . . . . . . . . . . . . . .  D  ADDR  0083H  NOT USED
DP0L . . . . . . . . . . . . . . . .  D  ADDR  0082H  NOT USED
DP1H . . . . . . . . . . . . . . . .  D  ADDR  0085H  NOT USED
DP1L . . . . . . . . . . . . . . . .  D  ADDR  0084H  NOT USED
DPH. . . . . . . . . . . . . . . . .  D  ADDR  0083H  NOT USED
DPL. . . . . . . . . . . . . . . . .  D  ADDR  0082H  NOT USED
EA . . . . . . . . . . . . . . . . .  B  ADDR  00AFH
EC . . . . . . . . . . . . . . . . .  B  ADDR  00AEH  NOT USED
EECON. . . . . . . . . . . . . . . .  D  ADDR  0096H  NOT USED
ES . . . . . . . . . . . . . . . . .  B  ADDR  00ACH  NOT USED
ET0. . . . . . . . . . . . . . . . .  B  ADDR  00A9H
ET1. . . . . . . . . . . . . . . . .  B  ADDR  00ABH
ET2. . . . . . . . . . . . . . . . .  B  ADDR  00ADH  NOT USED
EX0. . . . . . . . . . . . . . . . .  B  ADDR  00A8H  NOT USED
EX1. . . . . . . . . . . . . . . . .  B  ADDR  00AAH
EXEN2. . . . . . . . . . . . . . . .  B  ADDR  00CBH  NOT USED
EXF2 . . . . . . . . . . . . . . . .  B  ADDR  00CEH  NOT USED
EXTI0. . . . . . . . . . . . . . . .  C  ADDR  0003H  NOT USED
EXTI1. . . . . . . . . . . . . . . .  C  ADDR  0013H  NOT USED
F0 . . . . . . . . . . . . . . . . .  B  ADDR  00D5H
FE . . . . . . . . . . . . . . . . .  B  ADDR  009FH  NOT USED
IE . . . . . . . . . . . . . . . . .  D  ADDR  00A8H
IE0. . . . . . . . . . . . . . . . .  B  ADDR  0089H
IE1. . . . . . . . . . . . . . . . .  B  ADDR  008BH  NOT USED
IM_END . . . . . . . . . . . . . . .  C  ADDR  01A5H  NOT USED
INT0 . . . . . . . . . . . . . . . .  B  ADDR  00B2H  NOT USED
INT1 . . . . . . . . . . . . . . . .  B  ADDR  00B3H  NOT USED
IP . . . . . . . . . . . . . . . . .  D  ADDR  00B8H  NOT USED
IPH. . . . . . . . . . . . . . . . .  D  ADDR  00B7H  NOT USED
IPH0 . . . . . . . . . . . . . . . .  D  ADDR  00B7H  NOT USED
IPH1 . . . . . . . . . . . . . . . .  D  ADDR  00B3H  NOT USED
IPL0 . . . . . . . . . . . . . . . .  D  ADDR  00B8H  NOT USED
IPL1 . . . . . . . . . . . . . . . .  D  ADDR  00B2H  NOT USED
IP_END . . . . . . . . . . . . . . .  C  ADDR  018CH
IT0. . . . . . . . . . . . . . . . .  B  ADDR  0088H
IT1. . . . . . . . . . . . . . . . .  B  ADDR  008AH
I_END. . . . . . . . . . . . . . . .  C  ADDR  0171H
KBE. . . . . . . . . . . . . . . . .  D  ADDR  009DH  NOT USED
KBF. . . . . . . . . . . . . . . . .  D  ADDR  009EH  NOT USED
KBLS . . . . . . . . . . . . . . . .  D  ADDR  009CH  NOT USED
KEYPAD . . . . . . . . . . . . . . .  C  ADDR  00AFH
KN0. . . . . . . . . . . . . . . . .  C  ADDR  00F3H
KN1. . . . . . . . . . . . . . . . .  C  ADDR  00F8H
KN2. . . . . . . . . . . . . . . . .  C  ADDR  00FDH
KN3. . . . . . . . . . . . . . . . .  C  ADDR  0102H
KN4. . . . . . . . . . . . . . . . .  C  ADDR  0107H
KN5. . . . . . . . . . . . . . . . .  C  ADDR  010CH
KN6. . . . . . . . . . . . . . . . .  C  ADDR  0111H
KN7. . . . . . . . . . . . . . . . .  C  ADDR  0116H
KN8. . . . . . . . . . . . . . . . .  C  ADDR  011BH
KN9. . . . . . . . . . . . . . . . .  C  ADDR  0120H
KNA. . . . . . . . . . . . . . . . .  C  ADDR  0125H
KNB. . . . . . . . . . . . . . . . .  C  ADDR  012AH
KNC. . . . . . . . . . . . . . . . .  C  ADDR  012FH
KND. . . . . . . . . . . . . . . . .  C  ADDR  0134H
MINUS. . . . . . . . . . . . . . . .  C  ADDR  0191H
MIRROR . . . . . . . . . . . . . . .  C  ADDR  0159H
OSCCON . . . . . . . . . . . . . . .  D  ADDR  0086H  NOT USED
OV . . . . . . . . . . . . . . . . .  B  ADDR  00D2H  NOT USED
P. . . . . . . . . . . . . . . . . .  B  ADDR  00D0H  NOT USED
P0 . . . . . . . . . . . . . . . . .  D  ADDR  0080H
P1 . . . . . . . . . . . . . . . . .  D  ADDR  0090H
P1M1 . . . . . . . . . . . . . . . .  D  ADDR  00D4H  NOT USED
P1M2 . . . . . . . . . . . . . . . .  D  ADDR  00E2H  NOT USED
P2 . . . . . . . . . . . . . . . . .  D  ADDR  00A0H
P3 . . . . . . . . . . . . . . . . .  D  ADDR  00B0H
P3M1 . . . . . . . . . . . . . . . .  D  ADDR  00D5H  NOT USED
P3M2 . . . . . . . . . . . . . . . .  D  ADDR  00E3H  NOT USED
P4 . . . . . . . . . . . . . . . . .  D  ADDR  00C0H  NOT USED
P4M1 . . . . . . . . . . . . . . . .  D  ADDR  00D6H  NOT USED
P4M2 . . . . . . . . . . . . . . . .  D  ADDR  00E4H  NOT USED
P5 . . . . . . . . . . . . . . . . .  D  ADDR  00E8H  NOT USED
PC . . . . . . . . . . . . . . . . .  B  ADDR  00BEH  NOT USED
PCON . . . . . . . . . . . . . . . .  D  ADDR  0087H  NOT USED
PLUS . . . . . . . . . . . . . . . .  C  ADDR  0178H
PPCL . . . . . . . . . . . . . . . .  B  ADDR  00BEH  NOT USED
PRINT1 . . . . . . . . . . . . . . .  C  ADDR  0139H
PRINT2 . . . . . . . . . . . . . . .  C  ADDR  014BH
PS . . . . . . . . . . . . . . . . .  B  ADDR  00BCH  NOT USED
PSL. . . . . . . . . . . . . . . . .  B  ADDR  00BCH  NOT USED
PSW. . . . . . . . . . . . . . . . .  D  ADDR  00D0H
PT0. . . . . . . . . . . . . . . . .  B  ADDR  00B9H  NOT USED
PT0L . . . . . . . . . . . . . . . .  B  ADDR  00B9H  NOT USED
PT1. . . . . . . . . . . . . . . . .  B  ADDR  00BBH  NOT USED
PT1L . . . . . . . . . . . . . . . .  B  ADDR  00BBH  NOT USED
PT2. . . . . . . . . . . . . . . . .  B  ADDR  00BDH  NOT USED
PT2L . . . . . . . . . . . . . . . .  B  ADDR  00BDH  NOT USED
PX0. . . . . . . . . . . . . . . . .  B  ADDR  00B8H  NOT USED
PX0L . . . . . . . . . . . . . . . .  B  ADDR  00B8H  NOT USED
PX1. . . . . . . . . . . . . . . . .  B  ADDR  00BAH  NOT USED
PX1L . . . . . . . . . . . . . . . .  B  ADDR  00BAH  NOT USED
RB8. . . . . . . . . . . . . . . . .  B  ADDR  009AH  NOT USED
RCAP2H . . . . . . . . . . . . . . .  D  ADDR  00CBH  NOT USED
RCAP2L . . . . . . . . . . . . . . .  D  ADDR  00CAH  NOT USED
RCLK . . . . . . . . . . . . . . . .  B  ADDR  00CDH  NOT USED
RD . . . . . . . . . . . . . . . . .  B  ADDR  00B7H  NOT USED
REN. . . . . . . . . . . . . . . . .  B  ADDR  009CH  NOT USED
RESET. . . . . . . . . . . . . . . .  C  ADDR  0000H  NOT USED
RI . . . . . . . . . . . . . . . . .  B  ADDR  0098H  NOT USED
RS0. . . . . . . . . . . . . . . . .  B  ADDR  00D3H  NOT USED
RS1. . . . . . . . . . . . . . . . .  B  ADDR  00D4H  NOT USED
RXD. . . . . . . . . . . . . . . . .  B  ADDR  00B0H  NOT USED
SADDR. . . . . . . . . . . . . . . .  D  ADDR  00A9H  NOT USED
SADDR_0. . . . . . . . . . . . . . .  D  ADDR  00A9H  NOT USED
SADDR_1. . . . . . . . . . . . . . .  D  ADDR  00AAH  NOT USED
SADEN. . . . . . . . . . . . . . . .  D  ADDR  00B9H  NOT USED
SADEN_0. . . . . . . . . . . . . . .  D  ADDR  00B9H  NOT USED
SADEN_1. . . . . . . . . . . . . . .  D  ADDR  00BAH  NOT USED
SBUF . . . . . . . . . . . . . . . .  D  ADDR  0099H  NOT USED
SCON . . . . . . . . . . . . . . . .  D  ADDR  0098H  NOT USED
SINT . . . . . . . . . . . . . . . .  C  ADDR  0023H  NOT USED
SM0. . . . . . . . . . . . . . . . .  B  ADDR  009FH  NOT USED
SM1. . . . . . . . . . . . . . . . .  B  ADDR  009EH  NOT USED
SM2. . . . . . . . . . . . . . . . .  B  ADDR  009DH  NOT USED
SP . . . . . . . . . . . . . . . . .  D  ADDR  0081H
SPCON. . . . . . . . . . . . . . . .  D  ADDR  00C3H  NOT USED
SPCR . . . . . . . . . . . . . . . .  D  ADDR  00D5H  NOT USED
SPDAT. . . . . . . . . . . . . . . .  D  ADDR  00C5H  NOT USED
SPDR . . . . . . . . . . . . . . . .  D  ADDR  0086H  NOT USED
SPSR . . . . . . . . . . . . . . . .  D  ADDR  00AAH  NOT USED
SPSTA. . . . . . . . . . . . . . . .  D  ADDR  00C4H  NOT USED
START. . . . . . . . . . . . . . . .  C  ADDR  0030H
T0 . . . . . . . . . . . . . . . . .  B  ADDR  00B4H  NOT USED
T1 . . . . . . . . . . . . . . . . .  B  ADDR  00B5H  NOT USED
T2CON. . . . . . . . . . . . . . . .  D  ADDR  00C8H  NOT USED
T2MOD. . . . . . . . . . . . . . . .  D  ADDR  00C9H  NOT USED
TB8. . . . . . . . . . . . . . . . .  B  ADDR  009BH  NOT USED
TCLK . . . . . . . . . . . . . . . .  B  ADDR  00CCH  NOT USED
TCON . . . . . . . . . . . . . . . .  D  ADDR  0088H  NOT USED
TF0. . . . . . . . . . . . . . . . .  B  ADDR  008DH  NOT USED
TF1. . . . . . . . . . . . . . . . .  B  ADDR  008FH  NOT USED
TF2. . . . . . . . . . . . . . . . .  B  ADDR  00CFH  NOT USED
TH0. . . . . . . . . . . . . . . . .  D  ADDR  008CH
TH1. . . . . . . . . . . . . . . . .  D  ADDR  008DH
TH2. . . . . . . . . . . . . . . . .  D  ADDR  00CDH  NOT USED
TI . . . . . . . . . . . . . . . . .  B  ADDR  0099H  NOT USED
TIMER0 . . . . . . . . . . . . . . .  C  ADDR  000BH  NOT USED
TIMER1 . . . . . . . . . . . . . . .  C  ADDR  001BH  NOT USED
TIMER2 . . . . . . . . . . . . . . .  C  ADDR  002BH  NOT USED
TL0. . . . . . . . . . . . . . . . .  D  ADDR  008AH
TL1. . . . . . . . . . . . . . . . .  D  ADDR  008BH
TL2. . . . . . . . . . . . . . . . .  D  ADDR  00CCH  NOT USED
TMOD . . . . . . . . . . . . . . . .  D  ADDR  0089H
TR0. . . . . . . . . . . . . . . . .  B  ADDR  008CH
TR1. . . . . . . . . . . . . . . . .  B  ADDR  008EH
TR2. . . . . . . . . . . . . . . . .  B  ADDR  00CAH  NOT USED
TXD. . . . . . . . . . . . . . . . .  B  ADDR  00B1H  NOT USED
WDTCON . . . . . . . . . . . . . . .  D  ADDR  00A7H  NOT USED
WDTPRG . . . . . . . . . . . . . . .  D  ADDR  00A7H  NOT USED
WDTRST . . . . . . . . . . . . . . .  D  ADDR  00A6H  NOT USED
WR . . . . . . . . . . . . . . . . .  B  ADDR  00B6H  NOT USED
WTS. . . . . . . . . . . . . . . . .  C  ADDR  015FH
WTS_M. . . . . . . . . . . . . . . .  C  ADDR  0197H
WTS_P. . . . . . . . . . . . . . . .  C  ADDR  017EH